Information: Updating design information... (UID-85)
 
****************************************
Report : timing
        -path full
        -delay min
        -max_paths 1
Design : MyDesign
Version: P-2019.03-SP1
Date   : Wed Nov 17 22:41:37 2021
****************************************

Operating Conditions: fast   Library: NangateOpenCellLibrary_PDKv1_2_v2008_10_fast_nldm
Wire Load Model Mode: top

  Startpoint: count_value_reg[2]
              (rising edge-triggered flip-flop clocked by clk)
  Endpoint: count_value_reg[2]
            (rising edge-triggered flip-flop clocked by clk)
  Path Group: clk
  Path Type: min

  Point                                    Incr       Path
  -----------------------------------------------------------
  clock clk (rise edge)                  0.0000     0.0000
  clock network delay (ideal)            0.0000     0.0000
  count_value_reg[2]/CK (DFF_X1)         0.0000     0.0000 r
  count_value_reg[2]/Q (DFF_X1)          0.0513     0.0513 r
  U1535/ZN (AOI22_X1)                    0.0166     0.0680 f
  count_value_reg[2]/D (DFF_X1)          0.0000     0.0680 f
  data arrival time                                 0.0680

  clock clk (rise edge)                  0.0000     0.0000
  clock network delay (ideal)            0.0000     0.0000
  clock uncertainty                      0.0500     0.0500
  count_value_reg[2]/CK (DFF_X1)         0.0000     0.0500 r
  library hold time                      0.0004     0.0504
  data required time                                0.0504
  -----------------------------------------------------------
  data required time                                0.0504
  data arrival time                                -0.0680
  -----------------------------------------------------------
  slack (MET)                                       0.0176


1
